{
  message: 'Database is connected successfully',
  level: 'info',
  service: 'user-service',
  label: 'PH',
  timestamp: '2023-06-25T09:29:34.774Z'
}
{
  message: 'Application listening on port 5000',
  level: 'info',
  service: 'user-service',
  label: 'PH',
  timestamp: '2023-06-25T09:29:34.800Z'
}
{
  message: 'Database is connected successfully',
  level: 'info',
  service: 'user-service',
  label: 'PH',
  timestamp: '2023-06-25T09:31:46.498Z'
}
{
  message: 'Application listening on port 5000',
  level: 'info',
  service: 'user-service',
  label: 'PH',
  timestamp: '2023-06-25T09:31:46.511Z'
}
{
  message: 'Database is connected successfully',
  level: 'info',
  service: 'user-service',
  label: 'PH',
  timestamp: '2023-06-25T09:31:55.600Z'
}
{
  message: 'Application listening on port 5000',
  level: 'info',
  service: 'user-service',
  label: 'PH',
  timestamp: '2023-06-25T09:31:55.609Z'
}
{
  message: 'Database is connected successfully',
  level: 'info',
  service: 'user-service',
  label: 'PH',
  timestamp: '2023-06-25T09:32:02.725Z'
}
{
  message: 'Application listening on port 5000',
  level: 'info',
  service: 'user-service',
  label: 'PH',
  timestamp: '2023-06-25T09:32:02.734Z'
}
{
  message: 'Database is connected successfully',
  level: 'info',
  service: 'user-service',
  label: 'PH',
  timestamp: '2023-06-25T09:32:10.456Z'
}
{
  message: 'Application listening on port 5000',
  level: 'info',
  service: 'user-service',
  label: 'PH',
  timestamp: '2023-06-25T09:32:10.466Z'
}
{
  message: 'Database is connected successfully',
  level: 'info',
  service: 'user-service',
  label: 'PH',
  timestamp: '2023-06-25T09:32:13.988Z'
}
{
  message: 'Application listening on port 5000',
  level: 'info',
  service: 'user-service',
  label: 'PH',
  timestamp: '2023-06-25T09:32:13.997Z'
}
{
  message: 'Database is connected successfully',
  level: 'info',
  service: 'user-service',
  label: 'PH',
  timestamp: '2023-06-25T09:32:31.684Z'
}
{
  message: 'Application listening on port 5000',
  level: 'info',
  service: 'user-service',
  label: 'PH',
  timestamp: '2023-06-25T09:32:31.704Z'
}
{
  message: 'Database is connected successfully',
  level: 'info',
  service: 'user-service',
  label: 'PH',
  timestamp: '2023-06-25T09:32:41.077Z'
}
{
  message: 'Application listening on port 5000',
  level: 'info',
  service: 'user-service',
  label: 'PH',
  timestamp: '2023-06-25T09:32:41.098Z'
}
{
  message: 'Database is connected successfully',
  level: 'info',
  service: 'user-service',
  label: 'PH',
  timestamp: '2023-06-25T09:33:08.540Z'
}
{
  message: 'Application listening on port 5000',
  level: 'info',
  service: 'user-service',
  label: 'PH',
  timestamp: '2023-06-25T09:33:08.564Z'
}
{
  message: 'Database is connected successfully',
  level: 'info',
  service: 'user-service',
  label: 'PH',
  timestamp: '2023-06-25T09:33:12.588Z'
}
{
  message: 'Application listening on port 5000',
  level: 'info',
  service: 'user-service',
  label: 'PH',
  timestamp: '2023-06-25T09:33:12.596Z'
}
{
  message: 'Database is connected successfully',
  level: 'info',
  service: 'user-service',
  label: 'PH',
  timestamp: '2023-06-25T09:33:21.391Z'
}
{
  message: 'Application listening on port 5000',
  level: 'info',
  service: 'user-service',
  label: 'PH',
  timestamp: '2023-06-25T09:33:21.401Z'
}
{
  message: 'Database is connected successfully',
  level: 'info',
  service: 'user-service',
  label: 'PH',
  timestamp: '2023-06-25T09:33:34.466Z'
}
{
  message: 'Application listening on port 5000',
  level: 'info',
  service: 'user-service',
  label: 'PH',
  timestamp: '2023-06-25T09:33:34.476Z'
}
{
  message: 'Database is connected successfully',
  level: 'info',
  service: 'user-service',
  label: 'PH',
  timestamp: '2023-06-25T09:35:19.641Z'
}
{
  message: 'Application listening on port 5000',
  level: 'info',
  service: 'user-service',
  label: 'PH',
  timestamp: '2023-06-25T09:35:19.649Z'
}
{
  message: 'Database is connected successfully',
  level: 'info',
  service: 'user-service',
  label: 'PH',
  timestamp: '2023-06-25T09:35:35.358Z'
}
{
  message: 'Application listening on port 5000',
  level: 'info',
  service: 'user-service',
  label: 'PH',
  timestamp: '2023-06-25T09:35:35.367Z'
}
{
  message: 'Database is connected successfully',
  level: 'info',
  service: 'user-service',
  label: 'PH',
  timestamp: '2023-06-25T09:35:36.839Z'
}
{
  message: 'Application listening on port 5000',
  level: 'info',
  service: 'user-service',
  label: 'PH',
  timestamp: '2023-06-25T09:35:36.849Z'
}
{
  message: 'Database is connected successfully',
  level: 'info',
  service: 'user-service',
  label: 'PH',
  timestamp: '2023-06-25T09:35:39.280Z'
}
{
  message: 'Application listening on port 5000',
  level: 'info',
  service: 'user-service',
  label: 'PH',
  timestamp: '2023-06-25T09:35:39.288Z'
}
{
  message: 'Database is connected successfully',
  level: 'info',
  service: 'user-service',
  label: 'PH',
  timestamp: '2023-06-25T09:36:06.389Z'
}
{
  message: 'Application listening on port 5000',
  level: 'info',
  service: 'user-service',
  label: 'PH',
  timestamp: '2023-06-25T09:36:06.397Z'
}
{
  message: 'Database is connected successfully',
  level: 'info',
  service: 'user-service',
  label: 'PH',
  timestamp: '2023-06-25T09:36:18.164Z'
}
{
  message: 'Application listening on port 5000',
  level: 'info',
  service: 'user-service',
  label: 'PH',
  timestamp: '2023-06-25T09:36:18.173Z'
}
{
  message: 'Database is connected successfully',
  level: 'info',
  service: 'user-service',
  label: 'PH',
  timestamp: '2023-06-25T09:36:37.722Z'
}
{
  message: 'Application listening on port 5000',
  level: 'info',
  service: 'user-service',
  label: 'PH',
  timestamp: '2023-06-25T09:36:37.733Z'
}
{
  message: 'Database is connected successfully',
  level: 'info',
  service: 'user-service',
  label: 'PH',
  timestamp: '2023-06-25T09:36:44.334Z'
}
{
  message: 'Application listening on port 5000',
  level: 'info',
  service: 'user-service',
  label: 'PH',
  timestamp: '2023-06-25T09:36:44.343Z'
}
{
  message: 'Database is connected successfully',
  level: 'info',
  service: 'user-service',
  label: 'PH',
  timestamp: '2023-06-25T09:36:54.995Z'
}
{
  message: 'Application listening on port 5000',
  level: 'info',
  service: 'user-service',
  label: 'PH',
  timestamp: '2023-06-25T09:36:55.005Z'
}
{
  message: 'Database is connected successfully',
  level: 'info',
  service: 'user-service',
  label: 'PH',
  timestamp: '2023-06-25T09:37:11.111Z'
}
{
  message: 'Application listening on port 5000',
  level: 'info',
  service: 'user-service',
  label: 'PH',
  timestamp: '2023-06-25T09:37:11.123Z'
}
{
  message: 'Database is connected successfully',
  level: 'info',
  service: 'user-service',
  label: 'PH',
  timestamp: '2023-06-25T09:38:52.514Z'
}
{
  message: 'Application listening on port 5000',
  level: 'info',
  service: 'user-service',
  label: 'PH',
  timestamp: '2023-06-25T09:38:52.529Z'
}
{
  message: 'Database is connected successfully',
  level: 'info',
  service: 'user-service',
  label: 'PH',
  timestamp: '2023-06-25T09:39:04.998Z'
}
{
  message: 'Application listening on port 5000',
  level: 'info',
  service: 'user-service',
  label: 'PH',
  timestamp: '2023-06-25T09:39:05.008Z'
}
{
  message: 'Database is connected successfully',
  level: 'info',
  service: 'user-service',
  label: 'PH',
  timestamp: '2023-06-25T09:45:08.853Z'
}
{
  message: 'Application listening on port 5000',
  level: 'info',
  service: 'user-service',
  label: 'PH',
  timestamp: '2023-06-25T09:45:08.863Z'
}
{
  message: 'Database is connected successfully',
  level: 'info',
  service: 'user-service',
  label: 'PH',
  timestamp: '2023-06-25T09:46:14.216Z'
}
{
  message: 'Application listening on port 5000',
  level: 'info',
  service: 'user-service',
  label: 'PH',
  timestamp: '2023-06-25T09:46:14.224Z'
}
{
  message: 'Database is connected successfully',
  level: 'info',
  service: 'user-service',
  label: 'PH',
  timestamp: '2023-06-25T09:46:53.483Z'
}
{
  message: 'Application listening on port 5000',
  level: 'info',
  service: 'user-service',
  label: 'PH',
  timestamp: '2023-06-25T09:46:53.492Z'
}
{
  message: 'Database is connected successfully',
  level: 'info',
  service: 'user-service',
  label: 'PH',
  timestamp: '2023-06-25T09:47:11.531Z'
}
{
  message: 'Application listening on port 5000',
  level: 'info',
  service: 'user-service',
  label: 'PH',
  timestamp: '2023-06-25T09:47:11.539Z'
}
{
  message: 'Database is connected successfully',
  level: 'info',
  service: 'user-service',
  label: 'PH',
  timestamp: '2023-06-25T09:48:17.556Z'
}
{
  message: 'Application listening on port 5000',
  level: 'info',
  service: 'user-service',
  label: 'PH',
  timestamp: '2023-06-25T09:48:17.565Z'
}
{
  message: 'Database is connected successfully',
  level: 'info',
  service: 'user-service',
  label: 'PH',
  timestamp: '2023-06-25T09:48:28.101Z'
}
{
  message: 'Application listening on port 5000',
  level: 'info',
  service: 'user-service',
  label: 'PH',
  timestamp: '2023-06-25T09:48:28.109Z'
}
{
  message: 'Database is connected successfully',
  level: 'info',
  service: 'user-service',
  label: 'PH',
  timestamp: '2023-06-25T09:48:52.990Z'
}
{
  message: 'Application listening on port 5000',
  level: 'info',
  service: 'user-service',
  label: 'PH',
  timestamp: '2023-06-25T09:48:53.003Z'
}
{
  message: 'Database is connected successfully',
  level: 'info',
  service: 'user-service',
  label: 'PH',
  timestamp: '2023-06-25T09:48:58.445Z'
}
{
  message: 'Application listening on port 5000',
  level: 'info',
  service: 'user-service',
  label: 'PH',
  timestamp: '2023-06-25T09:48:58.454Z'
}
{
  message: 'Database is connected successfully',
  level: 'info',
  service: 'user-service',
  label: 'PH',
  timestamp: '2023-06-25T09:49:02.536Z'
}
{
  message: 'Application listening on port 5000',
  level: 'info',
  service: 'user-service',
  label: 'PH',
  timestamp: '2023-06-25T09:49:02.545Z'
}
{
  message: 'Database is connected successfully',
  level: 'info',
  service: 'user-service',
  label: 'PH',
  timestamp: '2023-06-25T09:49:05.303Z'
}
{
  message: 'Application listening on port 5000',
  level: 'info',
  service: 'user-service',
  label: 'PH',
  timestamp: '2023-06-25T09:49:05.313Z'
}
{
  message: 'Database is connected successfully',
  level: 'info',
  service: 'user-service',
  label: 'PH',
  timestamp: '2023-06-25T09:49:12.356Z'
}
{
  message: 'Application listening on port 5000',
  level: 'info',
  service: 'user-service',
  label: 'PH',
  timestamp: '2023-06-25T09:49:12.364Z'
}
{
  message: 'Database is connected successfully',
  level: 'info',
  service: 'user-service',
  label: 'PH',
  timestamp: '2023-06-25T09:49:17.046Z'
}
{
  message: 'Application listening on port 5000',
  level: 'info',
  service: 'user-service',
  label: 'PH',
  timestamp: '2023-06-25T09:49:17.054Z'
}
{
  message: 'Database is connected successfully',
  level: 'info',
  service: 'user-service',
  label: 'PH',
  timestamp: '2023-06-25T09:49:52.546Z'
}
{
  message: 'Application listening on port 5000',
  level: 'info',
  service: 'user-service',
  label: 'PH',
  timestamp: '2023-06-25T09:49:52.558Z'
}
{
  message: 'Database is connected successfully',
  level: 'info',
  service: 'user-service',
  label: 'PH',
  timestamp: '2023-06-25T09:49:57.792Z'
}
{
  message: 'Application listening on port 5000',
  level: 'info',
  service: 'user-service',
  label: 'PH',
  timestamp: '2023-06-25T09:49:57.800Z'
}
{
  message: 'Database is connected successfully',
  level: 'info',
  service: 'user-service',
  label: 'PH',
  timestamp: '2023-06-25T09:50:11.961Z'
}
{
  message: 'Application listening on port 5000',
  level: 'info',
  service: 'user-service',
  label: 'PH',
  timestamp: '2023-06-25T09:50:11.970Z'
}
{
  message: 'Database is connected successfully',
  level: 'info',
  service: 'user-service',
  label: 'PH',
  timestamp: '2023-06-25T09:50:37.292Z'
}
{
  message: 'Application listening on port 5000',
  level: 'info',
  service: 'user-service',
  label: 'PH',
  timestamp: '2023-06-25T09:50:37.301Z'
}
{
  message: 'Database is connected successfully',
  level: 'info',
  service: 'user-service',
  label: 'PH',
  timestamp: '2023-06-25T09:50:40.009Z'
}
{
  message: 'Application listening on port 5000',
  level: 'info',
  service: 'user-service',
  label: 'PH',
  timestamp: '2023-06-25T09:50:40.017Z'
}
{
  message: 'Database is connected successfully',
  level: 'info',
  service: 'user-service',
  label: 'PH',
  timestamp: '2023-06-25T09:50:44.812Z'
}
{
  message: 'Application listening on port 5000',
  level: 'info',
  service: 'user-service',
  label: 'PH',
  timestamp: '2023-06-25T09:50:44.824Z'
}
{
  message: 'Database is connected successfully',
  level: 'info',
  service: 'user-service',
  label: 'PH',
  timestamp: '2023-06-25T09:50:46.399Z'
}
{
  message: 'Application listening on port 5000',
  level: 'info',
  service: 'user-service',
  label: 'PH',
  timestamp: '2023-06-25T09:50:46.410Z'
}
{
  message: 'Database is connected successfully',
  level: 'info',
  service: 'user-service',
  label: 'PH',
  timestamp: '2023-06-25T09:50:48.750Z'
}
{
  message: 'Application listening on port 5000',
  level: 'info',
  service: 'user-service',
  label: 'PH',
  timestamp: '2023-06-25T09:50:48.758Z'
}
{
  message: 'Database is connected successfully',
  level: 'info',
  service: 'user-service',
  label: 'PH',
  timestamp: '2023-06-25T09:50:52.052Z'
}
{
  message: 'Application listening on port 5000',
  level: 'info',
  service: 'user-service',
  label: 'PH',
  timestamp: '2023-06-25T09:50:52.063Z'
}
{
  message: 'Database is connected successfully',
  level: 'info',
  service: 'user-service',
  label: 'PH',
  timestamp: '2023-06-25T09:50:55.530Z'
}
{
  message: 'Application listening on port 5000',
  level: 'info',
  service: 'user-service',
  label: 'PH',
  timestamp: '2023-06-25T09:50:55.539Z'
}
{
  message: 'Database is connected successfully',
  level: 'info',
  service: 'user-service',
  label: 'PH',
  timestamp: '2023-06-25T09:53:06.322Z'
}
{
  message: 'Application listening on port 5000',
  level: 'info',
  service: 'user-service',
  label: 'PH',
  timestamp: '2023-06-25T09:53:06.331Z'
}
{
  message: 'Database is connected successfully',
  level: 'info',
  service: 'user-service',
  label: 'PH',
  timestamp: '2023-06-25T09:53:13.573Z'
}
{
  message: 'Application listening on port 5000',
  level: 'info',
  service: 'user-service',
  label: 'PH',
  timestamp: '2023-06-25T09:53:13.581Z'
}
{
  message: 'Database is connected successfully',
  level: 'info',
  service: 'user-service',
  label: 'PH',
  timestamp: '2023-06-25T09:53:15.594Z'
}
{
  message: 'Application listening on port 5000',
  level: 'info',
  service: 'user-service',
  label: 'PH',
  timestamp: '2023-06-25T09:53:15.605Z'
}
{
  message: 'Database is connected successfully',
  level: 'info',
  service: 'user-service',
  label: 'PH',
  timestamp: '2023-06-25T09:53:22.246Z'
}
{
  message: 'Application listening on port 5000',
  level: 'info',
  service: 'user-service',
  label: 'PH',
  timestamp: '2023-06-25T09:53:22.256Z'
}
{
  message: 'Database is connected successfully',
  level: 'info',
  service: 'user-service',
  label: 'PH',
  timestamp: '2023-06-25T09:53:36.210Z'
}
{
  message: 'Application listening on port 5000',
  level: 'info',
  service: 'user-service',
  label: 'PH',
  timestamp: '2023-06-25T09:53:36.220Z'
}
{
  message: 'Database is connected successfully',
  level: 'info',
  service: 'user-service',
  label: 'PH',
  timestamp: '2023-06-25T09:53:43.887Z'
}
{
  message: 'Application listening on port 5000',
  level: 'info',
  service: 'user-service',
  label: 'PH',
  timestamp: '2023-06-25T09:53:43.899Z'
}
{
  message: 'Database is connected successfully',
  level: 'info',
  service: 'user-service',
  label: 'PH',
  timestamp: '2023-06-25T09:53:51.230Z'
}
{
  message: 'Application listening on port 5000',
  level: 'info',
  service: 'user-service',
  label: 'PH',
  timestamp: '2023-06-25T09:53:51.242Z'
}
{
  message: 'Database is connected successfully',
  level: 'info',
  service: 'user-service',
  label: 'PH',
  timestamp: '2023-06-25T09:54:07.454Z'
}
{
  message: 'Application listening on port 5000',
  level: 'info',
  service: 'user-service',
  label: 'PH',
  timestamp: '2023-06-25T09:54:07.461Z'
}
{
  message: 'Database is connected successfully',
  level: 'info',
  service: 'user-service',
  label: 'PH',
  timestamp: '2023-06-25T09:54:11.209Z'
}
{
  message: 'Application listening on port 5000',
  level: 'info',
  service: 'user-service',
  label: 'PH',
  timestamp: '2023-06-25T09:54:11.219Z'
}
{
  message: 'Database is connected successfully',
  level: 'info',
  service: 'user-service',
  label: 'PH',
  timestamp: '2023-06-25T09:54:21.160Z'
}
{
  message: 'Application listening on port 5000',
  level: 'info',
  service: 'user-service',
  label: 'PH',
  timestamp: '2023-06-25T09:54:21.169Z'
}
{
  message: 'Database is connected successfully',
  level: 'info',
  service: 'user-service',
  label: 'PH',
  timestamp: '2023-06-25T09:54:37.078Z'
}
{
  message: 'Application listening on port 5000',
  level: 'info',
  service: 'user-service',
  label: 'PH',
  timestamp: '2023-06-25T09:54:37.089Z'
}
{
  message: 'Database is connected successfully',
  level: 'info',
  service: 'user-service',
  label: 'PH',
  timestamp: '2023-06-25T09:54:40.299Z'
}
{
  message: 'Application listening on port 5000',
  level: 'info',
  service: 'user-service',
  label: 'PH',
  timestamp: '2023-06-25T09:54:40.308Z'
}
