{
  service: 'user-service',
  errno: undefined,
  code: 'ECONNREFUSED',
  syscall: 'querySrv',
  hostname: '_mongodb._tcp.cluster0.vmrkcs3.mongodb.net',
  level: 'error',
  message: 'Failed to connect data querySrv ECONNREFUSED _mongodb._tcp.cluster0.vmrkcs3.mongodb.net',
  stack: 'Error: querySrv ECONNREFUSED _mongodb._tcp.cluster0.vmrkcs3.mongodb.net\n' +
    '    at QueryReqWrap.onresolve [as oncomplete] (node:internal/dns/promises:251:17)',
  label: 'PH',
  timestamp: '2023-06-10T04:22:09.437Z'
}
{
  service: 'user-service',
  errno: undefined,
  code: 'ECONNREFUSED',
  syscall: 'querySrv',
  hostname: '_mongodb._tcp.cluster0.vmrkcs3.mongodb.net',
  level: 'error',
  message: 'Failed to connect data querySrv ECONNREFUSED _mongodb._tcp.cluster0.vmrkcs3.mongodb.net',
  stack: 'Error: querySrv ECONNREFUSED _mongodb._tcp.cluster0.vmrkcs3.mongodb.net\n' +
    '    at QueryReqWrap.onresolve [as oncomplete] (node:internal/dns/promises:251:17)',
  label: 'PH',
  timestamp: '2023-06-10T04:23:33.730Z'
}
{
  service: 'user-service',
  errno: undefined,
  code: 'ECONNREFUSED',
  syscall: 'querySrv',
  hostname: '_mongodb._tcp.cluster0.vmrkcs3.mongodb.net',
  level: 'error',
  message: 'Failed to connect data querySrv ECONNREFUSED _mongodb._tcp.cluster0.vmrkcs3.mongodb.net',
  stack: 'Error: querySrv ECONNREFUSED _mongodb._tcp.cluster0.vmrkcs3.mongodb.net\n' +
    '    at QueryReqWrap.onresolve [as oncomplete] (node:internal/dns/promises:251:17)',
  label: 'PH',
  timestamp: '2023-06-10T04:23:39.981Z'
}
